<?xml version="1.0" encoding="UTF-8"?>
<!-- Generated by org.testng.reporters.JUnitReportReporter -->
<testsuite hostname="TABLET-AR51JJCC" failures="0" tests="1" name="test.LoginTest" time="5.447" errors="0" timestamp="2021-10-15T18:02:00 CDT" skipped="0">
  <testcase classname="test.LoginTest" name="validUserShouldBeAbleToLogin" time="5.447"/>
  <system-out/>
</testsuite> <!-- test.LoginTest -->
